# JRE version: OpenJDK Runtime Environment (17.0+35) (build 17+35-2724)
# Java VM: OpenJDK 64-Bit Server VM (17+35-2724, mixed mode, sharing, tiered, compressed oops, compressed class ptrs, g1 gc, windows-amd64)
GC Precious Log:
 CPUs: 8 total, 8 available
 Memory: 7973M
 Large Page Support: Disabled
 NUMA Support: Disabled
 Compressed Oops: Enabled (32-bit)
 Heap Region Size: 1M
 Heap Min Capacity: 8M
 Heap Initial Capacity: 126M
 Heap Max Capacity: 1994M
 Pre-touch: Disabled
 Parallel Workers: 8
 Concurrent Workers: 2
 Concurrent Refinement Workers: 8
 Periodic GC: Disabled
Heap:
 garbage-first heap   total 102400K, used 44039K [0x0000000083600000, 0x0000000100000000)
  region size 1024K, 27 young (27648K), 1 survivors (1024K)
 Metaspace       used 51583K, committed 52032K, reserved 1097728K
  class space    used 7153K, committed 7360K, reserved 1048576K
GC Heap History (20 events):
Event: 2.782 GC heap before
{Heap before GC invocations=2 (full 0):
 garbage-first heap   total 129024K, used 83328K [0x0000000083600000, 0x0000000100000000)
  region size 1024K, 75 young (76800K), 2 survivors (2048K)
 Metaspace       used 18956K, committed 19200K, reserved 1073152K
  class space    used 2438K, committed 2560K, reserved 1048576K
}
Event: 2.787 GC heap after
{Heap after GC invocations=3 (full 0):
 garbage-first heap   total 129024K, used 12413K [0x0000000083600000, 0x0000000100000000)
  region size 1024K, 5 young (5120K), 5 survivors (5120K)
 Metaspace       used 18956K, committed 19200K, reserved 1073152K
  class space    used 2438K, committed 2560K, reserved 1048576K
}
Event: 2.802 GC heap before
{Heap before GC invocations=3 (full 0):
 garbage-first heap   total 129024K, used 83069K [0x0000000083600000, 0x0000000100000000)
  region size 1024K, 75 young (76800K), 5 survivors (5120K)
 Metaspace       used 19069K, committed 19392K, reserved 1073152K
  class space    used 2455K, committed 2624K, reserved 1048576K
}
Event: 2.807 GC heap after
{Heap after GC invocations=4 (full 0):
 garbage-first heap   total 129024K, used 12680K [0x0000000083600000, 0x0000000100000000)
  region size 1024K, 5 young (5120K), 5 survivors (5120K)
 Metaspace       used 19069K, committed 19392K, reserved 1073152K
  class space    used 2455K, committed 2624K, reserved 1048576K
}
Event: 3.232 GC heap before
{Heap before GC invocations=4 (full 0):
 garbage-first heap   total 129024K, used 28040K [0x0000000083600000, 0x0000000100000000)
  region size 1024K, 21 young (21504K), 5 survivors (5120K)
 Metaspace       used 21237K, committed 21504K, reserved 1073152K
  class space    used 2741K, committed 2880K, reserved 1048576K
}
Event: 3.246 GC heap after
{Heap after GC invocations=5 (full 0):
 garbage-first heap   total 129024K, used 13553K [0x0000000083600000, 0x0000000100000000)
  region size 1024K, 6 young (6144K), 6 survivors (6144K)
 Metaspace       used 21237K, committed 21504K, reserved 1073152K
  class space    used 2741K, committed 2880K, reserved 1048576K
}
Event: 4.034 GC heap before
{Heap before GC invocations=6 (full 0):
 garbage-first heap   total 51200K, used 38129K [0x0000000083600000, 0x0000000100000000)
  region size 1024K, 30 young (30720K), 6 survivors (6144K)
 Metaspace       used 27615K, committed 27968K, reserved 1081344K
  class space    used 3543K, committed 3712K, reserved 1048576K
}
Event: 4.046 GC heap after
{Heap after GC invocations=7 (full 0):
 garbage-first heap   total 51200K, used 15823K [0x0000000083600000, 0x0000000100000000)
  region size 1024K, 4 young (4096K), 4 survivors (4096K)
 Metaspace       used 27615K, committed 27968K, reserved 1081344K
  class space    used 3543K, committed 3712K, reserved 1048576K
}
Event: 4.109 GC heap before
{Heap before GC invocations=7 (full 0):
 garbage-first heap   total 51200K, used 17871K [0x0000000083600000, 0x0000000100000000)
  region size 1024K, 6 young (6144K), 4 survivors (4096K)
 Metaspace       used 27918K, committed 28288K, reserved 1081344K
  class space    used 3600K, committed 3776K, reserved 1048576K
}
Event: 4.115 GC heap after
{Heap after GC invocations=8 (full 0):
 garbage-first heap   total 51200K, used 16034K [0x0000000083600000, 0x0000000100000000)
  region size 1024K, 1 young (1024K), 1 survivors (1024K)
 Metaspace       used 27918K, committed 28288K, reserved 1081344K
  class space    used 3600K, committed 3776K, reserved 1048576K
}
Event: 4.728 GC heap before
{Heap before GC invocations=8 (full 0):
 garbage-first heap   total 51200K, used 37538K [0x0000000083600000, 0x0000000100000000)
  region size 1024K, 22 young (22528K), 1 survivors (1024K)
 Metaspace       used 33206K, committed 33664K, reserved 1081344K
  class space    used 4376K, committed 4608K, reserved 1048576K
}
Event: 4.733 GC heap after
{Heap after GC invocations=9 (full 0):
 garbage-first heap   total 51200K, used 16691K [0x0000000083600000, 0x0000000100000000)
  region size 1024K, 2 young (2048K), 2 survivors (2048K)
 Metaspace       used 33206K, committed 33664K, reserved 1081344K
  class space    used 4376K, committed 4608K, reserved 1048576K
}
Event: 4.965 GC heap before
{Heap before GC invocations=9 (full 0):
 garbage-first heap   total 51200K, used 25907K [0x0000000083600000, 0x0000000100000000)
  region size 1024K, 12 young (12288K), 2 survivors (2048K)
 Metaspace       used 35583K, committed 35968K, reserved 1081344K
  class space    used 4743K, committed 4928K, reserved 1048576K
}
Event: 4.968 GC heap after
{Heap after GC invocations=10 (full 0):
 garbage-first heap   total 51200K, used 16977K [0x0000000083600000, 0x0000000100000000)
  region size 1024K, 2 young (2048K), 2 survivors (2048K)
 Metaspace       used 35583K, committed 35968K, reserved 1081344K
  class space    used 4743K, committed 4928K, reserved 1048576K
}
Event: 5.641 GC heap before
{Heap before GC invocations=11 (full 0):
 garbage-first heap   total 51200K, used 38481K [0x0000000083600000, 0x0000000100000000)
  region size 1024K, 24 young (24576K), 2 survivors (2048K)
 Metaspace       used 41798K, committed 42240K, reserved 1089536K
  class space    used 5680K, committed 5888K, reserved 1048576K
}
Event: 5.645 GC heap after
{Heap after GC invocations=12 (full 0):
 garbage-first heap   total 51200K, used 18248K [0x0000000083600000, 0x0000000100000000)
  region size 1024K, 3 young (3072K), 3 survivors (3072K)
 Metaspace       used 41798K, committed 42240K, reserved 1089536K
  class space    used 5680K, committed 5888K, reserved 1048576K
}
Event: 5.693 GC heap before
{Heap before GC invocations=12 (full 0):
 garbage-first heap   total 51200K, used 19272K [0x0000000083600000, 0x0000000100000000)
  region size 1024K, 4 young (4096K), 3 survivors (3072K)
 Metaspace       used 42467K, committed 42880K, reserved 1089536K
  class space    used 5738K, committed 5952K, reserved 1048576K
}
Event: 5.697 GC heap after
{Heap after GC invocations=13 (full 0):
 garbage-first heap   total 51200K, used 17977K [0x0000000083600000, 0x0000000100000000)
  region size 1024K, 1 young (1024K), 1 survivors (1024K)
 Metaspace       used 42467K, committed 42880K, reserved 1089536K
  class space    used 5738K, committed 5952K, reserved 1048576K
}
Event: 6.322 GC heap before
{Heap before GC invocations=13 (full 0):
 garbage-first heap   total 51200K, used 39481K [0x0000000083600000, 0x0000000100000000)
  region size 1024K, 22 young (22528K), 1 survivors (1024K)
 Metaspace       used 47481K, committed 47936K, reserved 1097728K
  class space    used 6592K, committed 6784K, reserved 1048576K
}
Event: 6.325 GC heap after
{Heap after GC invocations=14 (full 0):
 garbage-first heap   total 102400K, used 18439K [0x0000000083600000, 0x0000000100000000)
  region size 1024K, 1 young (1024K), 1 survivors (1024K)
 Metaspace       used 47481K, committed 47936K, reserved 1097728K
  class space    used 6592K, committed 6784K, reserved 1048576K
}

