# JRE version: OpenJDK Runtime Environment (17.0+35) (build 17+35-2724)
# Java VM: OpenJDK 64-Bit Server VM (17+35-2724, mixed mode, sharing, tiered, compressed oops, compressed class ptrs, g1 gc, windows-amd64)
GC Precious Log:
 CPUs: 8 total, 8 available
 Memory: 7973M
 Large Page Support: Disabled
 NUMA Support: Disabled
 Compressed Oops: Enabled (32-bit)
 Heap Region Size: 1M
 Heap Min Capacity: 8M
 Heap Initial Capacity: 126M
 Heap Max Capacity: 1994M
 Pre-touch: Disabled
 Parallel Workers: 8
 Concurrent Workers: 2
 Concurrent Refinement Workers: 8
 Periodic GC: Disabled
Heap:
 garbage-first heap   total 61440K, used 41459K [0x0000000083600000, 0x0000000100000000)
  region size 1024K, 24 young (24576K), 2 survivors (2048K)
 Metaspace       used 53970K, committed 54464K, reserved 1097728K
  class space    used 7519K, committed 7744K, reserved 1048576K
GC Heap History (20 events):
Event: 2.044 GC heap before
{Heap before GC invocations=1 (full 0):
 garbage-first heap   total 129024K, used 34760K [0x0000000083600000, 0x0000000100000000)
  region size 1024K, 30 young (30720K), 3 survivors (3072K)
 Metaspace       used 11002K, committed 11200K, reserved 1064960K
  class space    used 1423K, committed 1536K, reserved 1048576K
}
Event: 2.051 GC heap after
{Heap after GC invocations=2 (full 0):
 garbage-first heap   total 129024K, used 9693K [0x0000000083600000, 0x0000000100000000)
  region size 1024K, 3 young (3072K), 3 survivors (3072K)
 Metaspace       used 11002K, committed 11200K, reserved 1064960K
  class space    used 1423K, committed 1536K, reserved 1048576K
}
Event: 2.819 GC heap before
{Heap before GC invocations=2 (full 0):
 garbage-first heap   total 129024K, used 81373K [0x0000000083600000, 0x0000000100000000)
  region size 1024K, 74 young (75776K), 3 survivors (3072K)
 Metaspace       used 18895K, committed 19136K, reserved 1073152K
  class space    used 2429K, committed 2560K, reserved 1048576K
}
Event: 2.827 GC heap after
{Heap after GC invocations=3 (full 0):
 garbage-first heap   total 129024K, used 12383K [0x0000000083600000, 0x0000000100000000)
  region size 1024K, 6 young (6144K), 6 survivors (6144K)
 Metaspace       used 18895K, committed 19136K, reserved 1073152K
  class space    used 2429K, committed 2560K, reserved 1048576K
}
Event: 2.858 GC heap before
{Heap before GC invocations=3 (full 0):
 garbage-first heap   total 129024K, used 82015K [0x0000000083600000, 0x0000000100000000)
  region size 1024K, 75 young (76800K), 6 survivors (6144K)
 Metaspace       used 18989K, committed 19264K, reserved 1073152K
  class space    used 2441K, committed 2560K, reserved 1048576K
}
Event: 2.863 GC heap after
{Heap after GC invocations=4 (full 0):
 garbage-first heap   total 129024K, used 12699K [0x0000000083600000, 0x0000000100000000)
  region size 1024K, 6 young (6144K), 6 survivors (6144K)
 Metaspace       used 18989K, committed 19264K, reserved 1073152K
  class space    used 2441K, committed 2560K, reserved 1048576K
}
Event: 3.512 GC heap before
{Heap before GC invocations=4 (full 0):
 garbage-first heap   total 129024K, used 29083K [0x0000000083600000, 0x0000000100000000)
  region size 1024K, 23 young (23552K), 6 survivors (6144K)
 Metaspace       used 21242K, committed 21504K, reserved 1073152K
  class space    used 2741K, committed 2880K, reserved 1048576K
}
Event: 3.522 GC heap after
{Heap after GC invocations=5 (full 0):
 garbage-first heap   total 129024K, used 13243K [0x0000000083600000, 0x0000000100000000)
  region size 1024K, 6 young (6144K), 6 survivors (6144K)
 Metaspace       used 21242K, committed 21504K, reserved 1073152K
  class space    used 2741K, committed 2880K, reserved 1048576K
}
Event: 4.555 GC heap before
{Heap before GC invocations=6 (full 0):
 garbage-first heap   total 48128K, used 36795K [0x0000000083600000, 0x0000000100000000)
  region size 1024K, 30 young (30720K), 6 survivors (6144K)
 Metaspace       used 27694K, committed 28096K, reserved 1081344K
  class space    used 3555K, committed 3712K, reserved 1048576K
}
Event: 4.567 GC heap after
{Heap after GC invocations=7 (full 0):
 garbage-first heap   total 48128K, used 15590K [0x0000000083600000, 0x0000000100000000)
  region size 1024K, 6 young (6144K), 6 survivors (6144K)
 Metaspace       used 27694K, committed 28096K, reserved 1081344K
  class space    used 3555K, committed 3712K, reserved 1048576K
}
Event: 5.087 GC heap before
{Heap before GC invocations=7 (full 0):
 garbage-first heap   total 48128K, used 35046K [0x0000000083600000, 0x0000000100000000)
  region size 1024K, 25 young (25600K), 6 survivors (6144K)
 Metaspace       used 32418K, committed 32832K, reserved 1081344K
  class space    used 4220K, committed 4416K, reserved 1048576K
}
Event: 5.095 GC heap after
{Heap after GC invocations=8 (full 0):
 garbage-first heap   total 48128K, used 16790K [0x0000000083600000, 0x0000000100000000)
  region size 1024K, 2 young (2048K), 2 survivors (2048K)
 Metaspace       used 32418K, committed 32832K, reserved 1081344K
  class space    used 4220K, committed 4416K, reserved 1048576K
}
Event: 5.469 GC heap before
{Heap before GC invocations=8 (full 0):
 garbage-first heap   total 48128K, used 30102K [0x0000000083600000, 0x0000000100000000)
  region size 1024K, 16 young (16384K), 2 survivors (2048K)
 Metaspace       used 35633K, committed 35968K, reserved 1081344K
  class space    used 4745K, committed 4928K, reserved 1048576K
}
Event: 5.475 GC heap after
{Heap after GC invocations=9 (full 0):
 garbage-first heap   total 69632K, used 16890K [0x0000000083600000, 0x0000000100000000)
  region size 1024K, 2 young (2048K), 2 survivors (2048K)
 Metaspace       used 35633K, committed 35968K, reserved 1081344K
  class space    used 4745K, committed 4928K, reserved 1048576K
}
Event: 6.917 GC heap before
{Heap before GC invocations=10 (full 0):
 garbage-first heap   total 61440K, used 51706K [0x0000000083600000, 0x0000000100000000)
  region size 1024K, 36 young (36864K), 2 survivors (2048K)
 Metaspace       used 44933K, committed 45312K, reserved 1089536K
  class space    used 6217K, committed 6400K, reserved 1048576K
}
Event: 6.926 GC heap after
{Heap after GC invocations=11 (full 0):
 garbage-first heap   total 61440K, used 18290K [0x0000000083600000, 0x0000000100000000)
  region size 1024K, 3 young (3072K), 3 survivors (3072K)
 Metaspace       used 44933K, committed 45312K, reserved 1089536K
  class space    used 6217K, committed 6400K, reserved 1048576K
}
Event: 6.971 GC heap before
{Heap before GC invocations=11 (full 0):
 garbage-first heap   total 61440K, used 18290K [0x0000000083600000, 0x0000000100000000)
  region size 1024K, 4 young (4096K), 3 survivors (3072K)
 Metaspace       used 45179K, committed 45568K, reserved 1089536K
  class space    used 6245K, committed 6464K, reserved 1048576K
}
Event: 6.978 GC heap after
{Heap after GC invocations=12 (full 0):
 garbage-first heap   total 61440K, used 18425K [0x0000000083600000, 0x0000000100000000)
  region size 1024K, 1 young (1024K), 1 survivors (1024K)
 Metaspace       used 45179K, committed 45568K, reserved 1089536K
  class space    used 6245K, committed 6464K, reserved 1048576K
}
Event: 8.143 GC heap before
{Heap before GC invocations=12 (full 0):
 garbage-first heap   total 61440K, used 47097K [0x0000000083600000, 0x0000000100000000)
  region size 1024K, 29 young (29696K), 1 survivors (1024K)
 Metaspace       used 51445K, committed 51968K, reserved 1097728K
  class space    used 7130K, committed 7360K, reserved 1048576K
}
Event: 8.151 GC heap after
{Heap after GC invocations=13 (full 0):
 garbage-first heap   total 61440K, used 19955K [0x0000000083600000, 0x0000000100000000)
  region size 1024K, 2 young (2048K), 2 survivors (2048K)
 Metaspace       used 51445K, committed 51968K, reserved 1097728K
  class space    used 7130K, committed 7360K, reserved 1048576K
}

